[debug] [2021-10-31T23:17:33.175Z] ----------------------------------------------------------------------
[debug] [2021-10-31T23:17:33.177Z] Command:       C:\Program Files\nodejs\node.exe C:\Users\brand\AppData\Roaming\npm\node_modules\firebase-tools\lib\bin\firebase.js init
[debug] [2021-10-31T23:17:33.178Z] CLI Version:   9.21.0
[debug] [2021-10-31T23:17:33.178Z] Platform:      win32
[debug] [2021-10-31T23:17:33.178Z] Node Version:  v16.11.1
[debug] [2021-10-31T23:17:33.180Z] Time:          Sun Oct 31 2021 18:17:33 GMT-0500 (Colombia Standard Time)
[debug] [2021-10-31T23:17:33.180Z] ----------------------------------------------------------------------
[debug] 
[debug] [2021-10-31T23:17:33.247Z] > command requires scopes: ["email","openid","https://www.googleapis.com/auth/cloudplatformprojects.readonly","https://www.googleapis.com/auth/firebase","https://www.googleapis.com/auth/cloud-platform"]
[debug] [2021-10-31T23:17:33.248Z] > authorizing via signed-in user (brandons.orozcoz@uqvirtual.edu.co)
[info] 
     ######## #### ########  ######## ########     ###     ######  ########
     ##        ##  ##     ## ##       ##     ##  ##   ##  ##       ##
     ######    ##  ########  ######   ########  #########  ######  ######
     ##        ##  ##    ##  ##       ##     ## ##     ##       ## ##
     ##       #### ##     ## ######## ########  ##     ##  ######  ########

You're about to initialize a Firebase project in this directory:

  D:\University\Ing. Software III\Software3

Before we get started, keep in mind:

  * You are initializing within an existing Firebase project directory

[info] 
=== Project Setup
[info] 
[info] First, let's associate this project directory with a Firebase project.
[info] You can create multiple project aliases by running firebase use --add, 
[info] but for now we'll just set up a default project.
[info] 
[info] i  .firebaserc already has a default project, using software3-ingesisuq. 
[debug] [2021-10-31T23:18:20.998Z] > refreshing access token with scopes: []
[debug] [2021-10-31T23:18:21.000Z] >>> HTTP REQUEST POST https://www.googleapis.com/oauth2/v3/token  
 <request body omitted>
[debug] [2021-10-31T23:18:21.290Z] <<< HTTP RESPONSE 200 {"expires":"Mon, 01 Jan 1990 00:00:00 GMT","date":"Sun, 31 Oct 2021 23:18:22 GMT","cache-control":"no-cache, no-store, max-age=0, must-revalidate","pragma":"no-cache","content-type":"application/json; charset=utf-8","vary":"X-Origin, Referer, Origin,Accept-Encoding","server":"scaffolding on HTTPServer2","x-xss-protection":"0","x-frame-options":"SAMEORIGIN","x-content-type-options":"nosniff","alt-svc":"h3=\":443\"; ma=2592000,h3-29=\":443\"; ma=2592000,h3-Q050=\":443\"; ma=2592000,h3-Q046=\":443\"; ma=2592000,h3-Q043=\":443\"; ma=2592000,quic=\":443\"; ma=2592000; v=\"46,43\"","accept-ranges":"none","transfer-encoding":"chunked"}
[debug] [2021-10-31T23:18:21.319Z] >>> [apiv2][query] GET https://firebase.googleapis.com/v1beta1/projects/software3-ingesisuq [none]
[debug] [2021-10-31T23:18:21.744Z] <<< [apiv2][status] GET https://firebase.googleapis.com/v1beta1/projects/software3-ingesisuq 200
[debug] [2021-10-31T23:18:21.744Z] <<< [apiv2][body] GET https://firebase.googleapis.com/v1beta1/projects/software3-ingesisuq {"projectId":"software3-ingesisuq","projectNumber":"870185621052","displayName":"Software3","name":"projects/software3-ingesisuq","resources":{"hostingSite":"software3-ingesisuq","storageBucket":"software3-ingesisuq.appspot.com","locationId":"us-central"},"state":"ACTIVE"}
[info] 
=== Hosting:github Setup
[info] 
[info] i  Detected a .git folder at D:\University\Ing. Software III\Software3 
[info] i  Authorizing with GitHub to upload your service account to a GitHub repository's secrets store. 
[info] 
[info] Visit this URL on this device to log in:
[info] https://github.com/login/oauth/authorize?client_id=89cf50f02ac6aaed3484&state=402934459&redirect_uri=http%3A%2F%2Flocalhost%3A9005&scope=read%3Auser%20repo%20public_repo
[info] 
[info] Waiting for authentication...
[debug] [2021-10-31T23:18:22.445Z] >>> HTTP REQUEST POST https://github.com/login/oauth/access_token  
 {"client_id":"89cf50f02ac6aaed3484","client_secret":"3330d14abc895d9a74d5f17cd7a00711fa2c5bf0","code":"78061956a00a61bdf563","redirect_uri":"http://localhost:9005","state":"402934459"}
[debug] [2021-10-31T23:18:22.783Z] <<< HTTP RESPONSE 200 {"server":"GitHub.com","date":"Sun, 31 Oct 2021 23:18:24 GMT","content-type":"application/json; charset=utf-8","transfer-encoding":"chunked","vary":"X-PJAX, X-PJAX-Container, Accept-Encoding, Accept, X-Requested-With","permissions-policy":"interest-cohort=()","etag":"W/\"0bd920917781d96bc340839de26ea77c\"","cache-control":"max-age=0, private, must-revalidate","strict-transport-security":"max-age=31536000; includeSubdomains; preload","x-frame-options":"deny","x-content-type-options":"nosniff","x-xss-protection":"0","referrer-policy":"origin-when-cross-origin, strict-origin-when-cross-origin","expect-ct":"max-age=2592000, report-uri=\"https://api.github.com/_private/browser/errors\"","content-security-policy":"default-src 'none'; base-uri 'self'; block-all-mixed-content; child-src github.com/assets-cdn/worker/ gist.github.com/assets-cdn/worker/; connect-src 'self' uploads.github.com objects-origin.githubusercontent.com www.githubstatus.com collector.githubapp.com api.github.com github-cloud.s3.amazonaws.com github-production-repository-file-5c1aeb.s3.amazonaws.com github-production-upload-manifest-file-7fdce7.s3.amazonaws.com github-production-user-asset-6210df.s3.amazonaws.com cdn.optimizely.com logx.optimizely.com/v1/events translator.github.com wss://alive.github.com; font-src github.githubassets.com; form-action 'self' github.com gist.github.com objects-origin.githubusercontent.com; frame-ancestors 'none'; frame-src render.githubusercontent.com viewscreen.githubusercontent.com notebooks.githubusercontent.com; img-src 'self' data: github.githubassets.com identicons.github.com collector.githubapp.com github-cloud.s3.amazonaws.com secured-user-images.githubusercontent.com/ *.githubusercontent.com; manifest-src 'self'; media-src github.com user-images.githubusercontent.com/; script-src github.githubassets.com; style-src 'unsafe-inline' github.githubassets.com; worker-src github.com/assets-cdn/worker/ gist.github.com/assets-cdn/worker/","x-github-request-id":"F31E:4127:C8DA14:19591F2:617F2440"}
[debug] [2021-10-31T23:18:22.790Z] >>> [apiv2][query] GET https://api.github.com/user [none]
[debug] [2021-10-31T23:18:23.147Z] <<< [apiv2][status] GET https://api.github.com/user 200
[debug] [2021-10-31T23:18:23.148Z] <<< [apiv2][body] GET https://api.github.com/user {"login":"BrandonOrozcoZ","id":80228792,"node_id":"MDQ6VXNlcjgwMjI4Nzky","avatar_url":"https://avatars.githubusercontent.com/u/80228792?v=4","gravatar_id":"","url":"https://api.github.com/users/BrandonOrozcoZ","html_url":"https://github.com/BrandonOrozcoZ","followers_url":"https://api.github.com/users/BrandonOrozcoZ/followers","following_url":"https://api.github.com/users/BrandonOrozcoZ/following{/other_user}","gists_url":"https://api.github.com/users/BrandonOrozcoZ/gists{/gist_id}","starred_url":"https://api.github.com/users/BrandonOrozcoZ/starred{/owner}{/repo}","subscriptions_url":"https://api.github.com/users/BrandonOrozcoZ/subscriptions","organizations_url":"https://api.github.com/users/BrandonOrozcoZ/orgs","repos_url":"https://api.github.com/users/BrandonOrozcoZ/repos","events_url":"https://api.github.com/users/BrandonOrozcoZ/events{/privacy}","received_events_url":"https://api.github.com/users/BrandonOrozcoZ/received_events","type":"User","site_admin":false,"name":null,"company":null,"blog":"","location":null,"email":null,"hireable":null,"bio":null,"twitter_username":null,"public_repos":2,"public_gists":0,"followers":1,"following":0,"created_at":"2021-03-08T00:14:46Z","updated_at":"2021-10-14T00:25:01Z","private_gists":0,"total_private_repos":1,"owned_private_repos":1,"disk_usage":373,"collaborators":0,"two_factor_authentication":false,"plan":{"name":"free","space":976562499,"collaborators":0,"private_repos":10000}}
[info] 
[info] +  Success! Logged into GitHub as BrandonOrozcoZ 
[info] 
